<?xml version="1.0" encoding="utf-8" standalone="no"?>
<!--This file represents the results of running a test suite-->
<test-results name="E:\My Program\My Demo\Demo_DB_V1.26\Demo_Framework\UnitTest\bin\Debug\UnitTest.dll" total="1" errors="0" failures="0" not-run="0" inconclusive="0" ignored="0" skipped="0" invalid="0" date="2017-07-28" time="23:10:17">
  <environment nunit-version="2.6.4.14350" clr-version="4.0.30319.18408" os-version="Microsoft Windows NT 6.1.7601 Service Pack 1" platform="Win32NT" cwd="E:\My Program\My Demo\Demo_DB_V1.26\Demo_Framework\UnitTest\bin\Debug" machine-name="USER-20160204QQ" user="Administrator" user-domain="USER-20160204QQ" />
  <culture-info current-culture="zh-CN" current-uiculture="zh-CN" />
  <test-suite type="Assembly" name="E:\My Program\My Demo\Demo_DB_V1.26\Demo_Framework\UnitTest\bin\Debug\UnitTest.dll" executed="True" result="Success" success="True" time="0.532" asserts="0">
    <results>
      <test-suite type="Namespace" name="UnitTest" executed="True" result="Success" success="True" time="0.531" asserts="0">
        <results>
          <test-suite type="Namespace" name="Log4NetTest" executed="True" result="Success" success="True" time="0.531" asserts="0">
            <results>
              <test-suite type="TestFixture" name="Log4NetTest" executed="True" result="Success" success="True" time="0.531" asserts="0">
                <results>
                  <test-case name="UnitTest.Log4NetTest.Log4NetTest.Test_Log4NetUtil_Log" executed="True" result="Success" success="True" time="0.528" asserts="0" />
                </results>
              </test-suite>
            </results>
          </test-suite>
        </results>
      </test-suite>
    </results>
  </test-suite>
</test-results>